<?xml version="1.0" encoding="UTF-8"?>
<testng-results ignored="0" total="1" passed="1" failed="0" skipped="0">
  <reporter-output>
  </reporter-output>
  <suite started-at="2021-11-28T21:39:16 IST" name="Default suite" finished-at="2021-11-28T21:39:23 IST" duration-ms="7230">
    <groups>
    </groups>
    <test started-at="2021-11-28T21:39:16 IST" name="Default test" finished-at="2021-11-28T21:39:23 IST" duration-ms="7230">
      <class name="tests2.BuyProductPage">
        <test-method is-config="true" signature="setUp()[pri:0, instance:tests2.BuyProductPage@67080771]" started-at="2021-11-28T21:39:16 IST" name="setUp" finished-at="2021-11-28T21:39:21 IST" duration-ms="5163" status="PASS">
          <reporter-output>
          </reporter-output>
        </test-method> <!-- setUp -->
        <test-method signature="tc01_login()[pri:0, instance:tests2.BuyProductPage@67080771]" started-at="2021-11-28T21:39:21 IST" name="tc01_login" finished-at="2021-11-28T21:39:22 IST" duration-ms="862" status="PASS">
          <reporter-output>
          </reporter-output>
        </test-method> <!-- tc01_login -->
        <test-method is-config="true" signature="tearDown()[pri:0, instance:tests2.BuyProductPage@67080771]" started-at="2021-11-28T21:39:22 IST" name="tearDown" finished-at="2021-11-28T21:39:23 IST" duration-ms="1168" status="PASS">
          <reporter-output>
          </reporter-output>
        </test-method> <!-- tearDown -->
      </class> <!-- tests2.BuyProductPage -->
    </test> <!-- Default test -->
  </suite> <!-- Default suite -->
</testng-results>
